<?xml version="1.0" encoding="UTF-8"?>
<testng-results ignored="0" total="2" passed="2" failed="0" skipped="0">
  <reporter-output>
  </reporter-output>
  <suite started-at="2024-07-21T20:27:05 IST" name="Default suite" finished-at="2024-07-21T20:27:50 IST" duration-ms="44671">
    <groups>
    </groups>
    <test started-at="2024-07-21T20:27:05 IST" name="Default test" finished-at="2024-07-21T20:27:50 IST" duration-ms="44671">
      <class name="CheckingModules.Testclass">
        <test-method is-config="true" signature="setup()[pri:0, instance:CheckingModules.Testclass@563f38c4]" started-at="2024-07-21T20:27:05 IST" name="setup" finished-at="2024-07-21T20:27:14 IST" duration-ms="8642" status="PASS">
          <reporter-output>
          </reporter-output>
        </test-method> <!-- setup -->
        <test-method signature="firstTest()[pri:1, instance:CheckingModules.Testclass@563f38c4]" started-at="2024-07-21T20:27:14 IST" name="firstTest" finished-at="2024-07-21T20:27:35 IST" duration-ms="20704" status="PASS">
          <reporter-output>
          </reporter-output>
        </test-method> <!-- firstTest -->
        <test-method signature="test2()[pri:2, instance:CheckingModules.Testclass@563f38c4]" started-at="2024-07-21T20:27:35 IST" name="test2" finished-at="2024-07-21T20:27:48 IST" duration-ms="13412" status="PASS">
          <reporter-output>
          </reporter-output>
        </test-method> <!-- test2 -->
        <test-method is-config="true" signature="teardown()[pri:0, instance:CheckingModules.Testclass@563f38c4]" started-at="2024-07-21T20:27:48 IST" name="teardown" finished-at="2024-07-21T20:27:50 IST" duration-ms="1659" status="PASS">
          <reporter-output>
          </reporter-output>
        </test-method> <!-- teardown -->
      </class> <!-- CheckingModules.Testclass -->
    </test> <!-- Default test -->
  </suite> <!-- Default suite -->
</testng-results>
